#
# There is insufficient memory for the Java Runtime Environment to continue.
# Native memory allocation (malloc) failed to allocate 1996416 bytes for Chunk::new
# Possible reasons:
#   The system is out of physical RAM or swap space
#   The process is running with CompressedOops enabled, and the Java Heap may be blocking the growth of the native heap
# Possible solutions:
#   Reduce memory load on the system
#   Increase physical memory or swap space
#   Check if swap backing store is full
#   Decrease Java heap size (-Xmx/-Xms)
#   Decrease number of Java threads
#   Decrease Java thread stack sizes (-Xss)
#   Set larger code cache with -XX:ReservedCodeCacheSize=
#   JVM is running with Unscaled Compressed Oops mode in which the Java heap is
#     placed in the first 4GB address space. The Java Heap base address is the
#     maximum limit for the native heap growth. Please use -XX:HeapBaseMinAddress
#     to set the Java Heap base and to place the Java Heap above 4GB virtual address.
# This output file may be truncated or incomplete.
#
#  Out of Memory Error (allocation.cpp:389), pid=7504, tid=0x0000000000000114
#
# JRE version: OpenJDK Runtime Environment (8.0_242-b01) (build 1.8.0_242-release-1644-b01)
# Java VM: OpenJDK 64-Bit Server VM (25.242-b01 mixed mode windows-amd64 compressed oops)
# Failed to write core dump. Minidumps are not enabled by default on client versions of Windows
#

---------------  T H R E A D  ---------------

Current thread (0x0000000017bee800):  JavaThread "C2 CompilerThread1" daemon [_thread_in_native, id=276, stack(0x0000000019350000,0x0000000019450000)]

Stack: [0x0000000019350000,0x0000000019450000]
[error occurred during error reporting (printing stack bounds), id 0xc0000005]

Native frames: (J=compiled Java code, j=interpreted, Vv=VM code, C=native code)


Current CompileTask:
C2: 185233 12976 % !   4       com.android.tools.r8.dex.r::c @ 13 (2729 bytes)


---------------  P R O C E S S  ---------------

Java Threads: ( => current thread )
  0x000000001967c000 JavaThread "WorkerExecutor Queue Thread 4" [_thread_blocked, id=144, stack(0x000000002c430000,0x000000002c530000)]
  0x0000000019687000 JavaThread "WorkerExecutor Queue Thread 3" [_thread_blocked, id=5268, stack(0x000000002c830000,0x000000002c930000)]
  0x0000000019686000 JavaThread "WorkerExecutor Queue Thread 2" [_thread_blocked, id=4900, stack(0x000000002c730000,0x000000002c830000)]
  0x000000001968a000 JavaThread "WorkerExecutor Queue" [_thread_blocked, id=6152, stack(0x000000002c630000,0x000000002c730000)]
  0x0000000019680800 JavaThread "ForkJoinPool.commonPool-worker-0" daemon [_thread_in_native, id=4124, stack(0x000000002af60000,0x000000002b060000)]
  0x0000000019681800 JavaThread "Cache worker for Java compile cache (C:\Users\PC\AndroidStudioProjects\TODO\.gradle\6.5\javaCompile)" [_thread_blocked, id=2796, stack(0x000000002ae60000,0x000000002af60000)]
  0x0000000019683000 JavaThread "Cache worker for Java compile cache (C:\Users\PC\.gradle\caches\6.5\javaCompile)" [_thread_blocked, id=2984, stack(0x000000002a670000,0x000000002a770000)]
  0x0000000019683800 JavaThread "Cache worker for execution history cache (C:\Users\PC\AndroidStudioProjects\TODO\.gradle\6.5\executionHistory)" [_thread_blocked, id=692, stack(0x0000000029f70000,0x000000002a070000)]
  0x000000001968b800 JavaThread "Execution worker for ':' Thread 3" [_thread_blocked, id=5112, stack(0x0000000029e70000,0x0000000029f70000)]
  0x0000000019684800 JavaThread "Execution worker for ':' Thread 2" [_thread_blocked, id=4448, stack(0x0000000029d70000,0x0000000029e70000)]
  0x000000001968a800 JavaThread "Execution worker for ':'" [_thread_blocked, id=2840, stack(0x0000000029c70000,0x0000000029d70000)]
  0x000000001967e800 JavaThread "Cache worker for file content cache (C:\Users\PC\AndroidStudioProjects\TODO\.gradle\6.5\fileContent)" [_thread_blocked, id=4372, stack(0x00000000298b0000,0x00000000299b0000)]
  0x0000000019687800 JavaThread "Cache worker for Build Output Cleanup Cache (C:\Users\PC\AndroidStudioProjects\TODO\.gradle\buildOutputCleanup)" [_thread_blocked, id=6692, stack(0x00000000284b0000,0x00000000285b0000)]
  0x0000000019682000 JavaThread "jar transforms Thread 184" [_thread_blocked, id=2424, stack(0x00000000281b0000,0x00000000282b0000)]
  0x000000001967d000 JavaThread "jar transforms Thread 183" [_thread_blocked, id=3620, stack(0x00000000280b0000,0x00000000281b0000)]
  0x000000001967f000 JavaThread "jar transforms Thread 182" [_thread_blocked, id=7780, stack(0x0000000027fb0000,0x00000000280b0000)]
  0x000000001ec8b800 JavaThread "jar transforms Thread 181" [_thread_blocked, id=6724, stack(0x0000000027eb0000,0x0000000027fb0000)]
  0x000000001ec8b000 JavaThread "jar transforms Thread 180" [_thread_blocked, id=2180, stack(0x0000000027db0000,0x0000000027eb0000)]
  0x000000001ec8a000 JavaThread "jar transforms Thread 179" [_thread_blocked, id=2780, stack(0x0000000027cb0000,0x0000000027db0000)]
  0x000000001ec89800 JavaThread "jar transforms Thread 178" [_thread_blocked, id=3056, stack(0x0000000027bb0000,0x0000000027cb0000)]
  0x000000001ec94800 JavaThread "jar transforms Thread 177" [_thread_blocked, id=7508, stack(0x0000000027ab0000,0x0000000027bb0000)]
  0x000000001ec93000 JavaThread "jar transforms Thread 176" [_thread_blocked, id=6436, stack(0x00000000279b0000,0x0000000027ab0000)]
  0x000000001ec91800 JavaThread "jar transforms Thread 175" [_thread_blocked, id=1584, stack(0x00000000278b0000,0x00000000279b0000)]
  0x000000001ec92800 JavaThread "jar transforms Thread 174" [_thread_blocked, id=7832, stack(0x00000000277b0000,0x00000000278b0000)]
  0x000000001ec88800 JavaThread "jar transforms Thread 173" [_thread_blocked, id=4760, stack(0x00000000276b0000,0x00000000277b0000)]
  0x000000001ec88000 JavaThread "jar transforms Thread 172" [_thread_blocked, id=7220, stack(0x00000000275b0000,0x00000000276b0000)]
  0x000000001ec8f800 JavaThread "jar transforms Thread 171" [_thread_blocked, id=1236, stack(0x00000000274b0000,0x00000000275b0000)]
  0x000000001ec94000 JavaThread "jar transforms Thread 170" [_thread_blocked, id=6416, stack(0x00000000273b0000,0x00000000274b0000)]
  0x000000001ec8e800 JavaThread "jar transforms Thread 169" [_thread_blocked, id=6620, stack(0x00000000272b0000,0x00000000273b0000)]
  0x000000001ec87000 JavaThread "jar transforms Thread 168" [_thread_blocked, id=8024, stack(0x00000000271b0000,0x00000000272b0000)]
  0x000000001ec8e000 JavaThread "jar transforms Thread 167" [_thread_blocked, id=5288, stack(0x00000000270b0000,0x00000000271b0000)]
  0x000000001ec91000 JavaThread "jar transforms Thread 166" [_thread_blocked, id=1708, stack(0x0000000026fb0000,0x00000000270b0000)]
  0x000000001ec90000 JavaThread "jar transforms Thread 165" [_thread_blocked, id=7592, stack(0x0000000026eb0000,0x0000000026fb0000)]
  0x000000001ec8d000 JavaThread "jar transforms Thread 164" [_thread_blocked, id=564, stack(0x0000000026db0000,0x0000000026eb0000)]
  0x000000001ec8c800 JavaThread "jar transforms Thread 163" [_thread_blocked, id=2972, stack(0x0000000026cb0000,0x0000000026db0000)]
  0x000000001ec96000 JavaThread "jar transforms Thread 162" [_thread_blocked, id=4416, stack(0x0000000026bb0000,0x0000000026cb0000)]
  0x000000001ec95800 JavaThread "jar transforms Thread 161" [_thread_blocked, id=5092, stack(0x0000000026ab0000,0x0000000026bb0000)]
  0x000000001ea1e000 JavaThread "jar transforms Thread 160" [_thread_blocked, id=5080, stack(0x00000000269b0000,0x0000000026ab0000)]
  0x000000001ea1a000 JavaThread "jar transforms Thread 159" [_thread_blocked, id=6352, stack(0x00000000268b0000,0x00000000269b0000)]
  0x000000001ea1c800 JavaThread "jar transforms Thread 158" [_thread_blocked, id=3128, stack(0x00000000267b0000,0x00000000268b0000)]
  0x000000001ea1b800 JavaThread "jar transforms Thread 157" [_thread_blocked, id=5504, stack(0x00000000266b0000,0x00000000267b0000)]
  0x000000001ea20000 JavaThread "jar transforms Thread 156" [_thread_blocked, id=8136, stack(0x00000000265b0000,0x00000000266b0000)]
  0x000000001ea21000 JavaThread "jar transforms Thread 155" [_thread_blocked, id=3040, stack(0x00000000264b0000,0x00000000265b0000)]
  0x000000001ea1e800 JavaThread "jar transforms Thread 154" [_thread_blocked, id=8084, stack(0x00000000263b0000,0x00000000264b0000)]
  0x000000001ea1d000 JavaThread "jar transforms Thread 153" [_thread_blocked, id=4788, stack(0x00000000262b0000,0x00000000263b0000)]
  0x000000001ea1a800 JavaThread "jar transforms Thread 152" [_thread_blocked, id=4984, stack(0x00000000261b0000,0x00000000262b0000)]
  0x000000001ea1f800 JavaThread "jar transforms Thread 151" [_thread_blocked, id=5060, stack(0x00000000260b0000,0x00000000261b0000)]
  0x000000001a05a800 JavaThread "jar transforms Thread 150" [_thread_blocked, id=4768, stack(0x0000000025fb0000,0x00000000260b0000)]
  0x000000001a059800 JavaThread "jar transforms Thread 149" [_thread_blocked, id=2604, stack(0x0000000025eb0000,0x0000000025fb0000)]
  0x000000001a059000 JavaThread "jar transforms Thread 148" [_thread_blocked, id=7084, stack(0x0000000025db0000,0x0000000025eb0000)]
  0x000000001a05f800 JavaThread "jar transforms Thread 147" [_thread_blocked, id=2872, stack(0x0000000025cb0000,0x0000000025db0000)]
  0x000000001a05e000 JavaThread "jar transforms Thread 146" [_thread_blocked, id=3936, stack(0x0000000025bb0000,0x0000000025cb0000)]
  0x000000001a05f000 JavaThread "jar transforms Thread 145" [_thread_blocked, id=2548, stack(0x0000000025ab0000,0x0000000025bb0000)]
  0x000000001a05c000 JavaThread "jar transforms Thread 144" [_thread_blocked, id=4940, stack(0x00000000259b0000,0x0000000025ab0000)]
  0x000000001a05c800 JavaThread "jar transforms Thread 143" [_thread_blocked, id=688, stack(0x00000000258b0000,0x00000000259b0000)]
  0x000000001a05d800 JavaThread "jar transforms Thread 142" [_thread_blocked, id=8068, stack(0x00000000257b0000,0x00000000258b0000)]
  0x000000001a05b000 JavaThread "jar transforms Thread 141" [_thread_blocked, id=6444, stack(0x00000000256b0000,0x00000000257b0000)]
  0x000000001e857800 JavaThread "jar transforms Thread 140" [_thread_blocked, id=1208, stack(0x00000000255b0000,0x00000000256b0000)]
  0x000000001e857000 JavaThread "jar transforms Thread 139" [_thread_blocked, id=3888, stack(0x00000000254b0000,0x00000000255b0000)]
  0x000000001e858800 JavaThread "jar transforms Thread 138" [_thread_blocked, id=528, stack(0x00000000253b0000,0x00000000254b0000)]
  0x000000001e859000 JavaThread "jar transforms Thread 137" [_thread_blocked, id=5872, stack(0x00000000252b0000,0x00000000253b0000)]
  0x000000001e85a000 JavaThread "jar transforms Thread 136" [_thread_blocked, id=2400, stack(0x00000000251b0000,0x00000000252b0000)]
  0x000000001b73e000 JavaThread "jar transforms Thread 135" [_thread_blocked, id=6716, stack(0x00000000250b0000,0x00000000251b0000)]
  0x000000001b73d000 JavaThread "jar transforms Thread 134" [_thread_blocked, id=5976, stack(0x0000000024fb0000,0x00000000250b0000)]
  0x000000001b73b800 JavaThread "jar transforms Thread 133" [_thread_blocked, id=2248, stack(0x0000000024eb0000,0x0000000024fb0000)]
  0x000000001b739800 JavaThread "jar transforms Thread 132" [_thread_blocked, id=4696, stack(0x0000000024db0000,0x0000000024eb0000)]
  0x000000001b73b000 JavaThread "jar transforms Thread 131" [_thread_blocked, id=7308, stack(0x0000000024cb0000,0x0000000024db0000)]
  0x000000001b73a000 JavaThread "jar transforms Thread 130" [_thread_blocked, id=7180, stack(0x0000000024bb0000,0x0000000024cb0000)]
  0x000000001b738800 JavaThread "jar transforms Thread 129" [_thread_blocked, id=1276, stack(0x0000000024ab0000,0x0000000024bb0000)]
  0x000000001b737000 JavaThread "jar transforms Thread 128" [_thread_blocked, id=3592, stack(0x00000000249b0000,0x0000000024ab0000)]
  0x000000001b738000 JavaThread "jar transforms Thread 127" [_thread_blocked, id=5984, stack(0x00000000248b0000,0x00000000249b0000)]
  0x000000001b73c800 JavaThread "jar transforms Thread 126" [_thread_blocked, id=5764, stack(0x00000000247b0000,0x00000000248b0000)]
  0x000000001dd70000 JavaThread "jar transforms Thread 125" [_thread_blocked, id=5816, stack(0x00000000246b0000,0x00000000247b0000)]
  0x000000001dd73000 JavaThread "jar transforms Thread 124" [_thread_blocked, id=6816, stack(0x00000000245b0000,0x00000000246b0000)]
  0x000000001dd71800 JavaThread "jar transforms Thread 123" [_thread_blocked, id=3580, stack(0x00000000244b0000,0x00000000245b0000)]
  0x000000001dd6f000 JavaThread "jar transforms Thread 122" [_thread_blocked, id=4792, stack(0x00000000243b0000,0x00000000244b0000)]
  0x000000001dd6e800 JavaThread "jar transforms Thread 121" [_thread_blocked, id=2500, stack(0x00000000242b0000,0x00000000243b0000)]
  0x000000001dd72000 JavaThread "jar transforms Thread 120" [_thread_blocked, id=2688, stack(0x00000000241b0000,0x00000000242b0000)]
  0x000000001dd70800 JavaThread "jar transforms Thread 119" [_thread_blocked, id=7072, stack(0x00000000240b0000,0x00000000241b0000)]
  0x000000001dd6d000 JavaThread "jar transforms Thread 118" [_thread_blocked, id=7284, stack(0x0000000023fb0000,0x00000000240b0000)]
  0x000000001dd6d800 JavaThread "jar transforms Thread 117" [_thread_blocked, id=5028, stack(0x0000000023eb0000,0x0000000023fb0000)]
  0x000000001dd73800 JavaThread "jar transforms Thread 116" [_thread_blocked, id=4376, stack(0x0000000023db0000,0x0000000023eb0000)]
  0x000000001c298800 JavaThread "jar transforms Thread 115" [_thread_blocked, id=3612, stack(0x0000000023cb0000,0x0000000023db0000)]
  0x000000001c29f800 JavaThread "jar transforms Thread 114" [_thread_blocked, id=1976, stack(0x0000000023bb0000,0x0000000023cb0000)]
  0x000000001c29c800 JavaThread "jar transforms Thread 113" [_thread_blocked, id=3916, stack(0x0000000023ab0000,0x0000000023bb0000)]
  0x000000001c29e800 JavaThread "jar transforms Thread 112" [_thread_blocked, id=7440, stack(0x00000000239b0000,0x0000000023ab0000)]
  0x000000001c29b800 JavaThread "jar transforms Thread 111" [_thread_blocked, id=6672, stack(0x00000000238b0000,0x00000000239b0000)]
  0x000000001c29b000 JavaThread "jar transforms Thread 110" [_thread_blocked, id=1788, stack(0x00000000237b0000,0x00000000238b0000)]
  0x000000001c29a000 JavaThread "jar transforms Thread 109" [_thread_blocked, id=6976, stack(0x00000000236b0000,0x00000000237b0000)]
  0x000000001c29d000 JavaThread "jar transforms Thread 108" [_thread_blocked, id=2488, stack(0x00000000235b0000,0x00000000236b0000)]
  0x000000001c29e000 JavaThread "jar transforms Thread 107" [_thread_blocked, id=7860, stack(0x00000000234b0000,0x00000000235b0000)]
  0x000000001c299800 JavaThread "jar transforms Thread 106" [_thread_blocked, id=3228, stack(0x00000000233b0000,0x00000000234b0000)]
  0x000000001b72d000 JavaThread "jar transforms Thread 105" [_thread_blocked, id=6004, stack(0x00000000232b0000,0x00000000233b0000)]
  0x000000001b72e000 JavaThread "jar transforms Thread 104" [_thread_blocked, id=4420, stack(0x00000000231b0000,0x00000000232b0000)]
  0x000000001b72c800 JavaThread "jar transforms Thread 103" [_thread_blocked, id=3824, stack(0x00000000230b0000,0x00000000231b0000)]
  0x000000001b72b800 JavaThread "jar transforms Thread 102" [_thread_blocked, id=5392, stack(0x0000000022fb0000,0x00000000230b0000)]
  0x000000001b729000 JavaThread "jar transforms Thread 101" [_thread_blocked, id=6528, stack(0x0000000022eb0000,0x0000000022fb0000)]
  0x000000001acc2800 JavaThread "jar transforms Thread 100" [_thread_blocked, id=552, stack(0x0000000022db0000,0x0000000022eb0000)]
  0x000000001acc2000 JavaThread "jar transforms Thread 99" [_thread_blocked, id=6996, stack(0x0000000022cb0000,0x0000000022db0000)]
  0x000000001acc5000 JavaThread "jar transforms Thread 98" [_thread_blocked, id=2576, stack(0x0000000022bb0000,0x0000000022cb0000)]
  0x000000001acc7000 JavaThread "jar transforms Thread 97" [_thread_blocked, id=8088, stack(0x0000000022ab0000,0x0000000022bb0000)]
  0x000000001acc5800 JavaThread "jar transforms Thread 96" [_thread_blocked, id=2300, stack(0x00000000229b0000,0x0000000022ab0000)]
  0x000000001bc83800 JavaThread "jar transforms Thread 95" [_thread_blocked, id=2060, stack(0x00000000228b0000,0x00000000229b0000)]
  0x000000001bc89800 JavaThread "jar transforms Thread 94" [_thread_blocked, id=4272, stack(0x00000000227b0000,0x00000000228b0000)]
  0x000000001bc82000 JavaThread "jar transforms Thread 93" [_thread_blocked, id=3556, stack(0x00000000226b0000,0x00000000227b0000)]
  0x000000001bc7d000 JavaThread "Build operations Thread 4" [_thread_blocked, id=2820, stack(0x00000000225b0000,0x00000000226b0000)]
  0x000000001bc89000 JavaThread "Build operations Thread 3" [_thread_blocked, id=6792, stack(0x00000000224b0000,0x00000000225b0000)]
  0x000000001bc88000 JavaThread "Build operations Thread 2" [_thread_blocked, id=2144, stack(0x00000000223b0000,0x00000000224b0000)]
  0x000000001bc7c000 JavaThread "Build operations" [_thread_blocked, id=3624, stack(0x0000000020590000,0x0000000020690000)]
  0x000000001bc80800 JavaThread "Cache worker for cache directory md-rule (C:\Users\PC\.gradle\caches\6.5\md-rule)" [_thread_blocked, id=5724, stack(0x0000000020490000,0x0000000020590000)]
  0x000000001bc7e800 JavaThread "Cache worker for cache directory md-supplier (C:\Users\PC\.gradle\caches\6.5\md-supplier)" [_thread_blocked, id=1360, stack(0x0000000020290000,0x0000000020390000)]
  0x000000001bc87800 JavaThread "Cache worker for checksums cache (C:\Users\PC\AndroidStudioProjects\TODO\.gradle\checksums)" [_thread_blocked, id=4280, stack(0x0000000020190000,0x0000000020290000)]
  0x000000001bc80000 JavaThread "Cache worker for file hash cache (C:\Users\PC\AndroidStudioProjects\TODO\.gradle\6.5\fileHashes)" [_thread_blocked, id=7484, stack(0x0000000020090000,0x0000000020190000)]
  0x000000001bc7d800 JavaThread "Thread-129" [_thread_blocked, id=1264, stack(0x000000001d3f0000,0x000000001d4f0000)]
  0x000000001bc83000 JavaThread "Stdin handler" [_thread_blocked, id=3904, stack(0x000000001d2f0000,0x000000001d3f0000)]
  0x000000001bc84800 JavaThread "Asynchronous log dispatcher for DefaultDaemonConnection: socket connection from /127.0.0.1:53826 to /127.0.0.1:53849" [_thread_blocked, id=6624, stack(0x000000001d1f0000,0x000000001d2f0000)]
  0x000000001bc7a800 JavaThread "Daemon worker Thread 2" [_thread_blocked, id=5360, stack(0x000000001d0f0000,0x000000001d1f0000)]
  0x000000001bc86800 JavaThread "Cancel handler" [_thread_blocked, id=6784, stack(0x000000001cdf0000,0x000000001cef0000)]
  0x000000001bc81800 JavaThread "Handler for socket connection from /127.0.0.1:53826 to /127.0.0.1:53849" [_thread_in_native, id=3868, stack(0x000000001c7f0000,0x000000001c8f0000)]
  0x000000001bc86000 JavaThread "Daemon Thread 2" [_thread_blocked, id=1720, stack(0x000000001c6f0000,0x000000001c7f0000)]
  0x000000001bc7b800 JavaThread "Memory manager" [_thread_blocked, id=7724, stack(0x00000000295b0000,0x00000000296b0000)]
  0x000000001acc6800 JavaThread "Cache worker for file content cache (C:\Users\PC\.gradle\caches\6.5\fileContent)" [_thread_blocked, id=7920, stack(0x0000000021cb0000,0x0000000021db0000)]
  0x000000001acc3800 JavaThread "Cache worker for execution history cache (C:\Users\PC\.gradle\caches\6.5\executionHistory)" [_thread_blocked, id=5460, stack(0x0000000020390000,0x0000000020490000)]
  0x000000001acc8000 JavaThread "Cache worker for file hash cache (C:\Users\PC\.gradle\caches\6.5\fileHashes)" [_thread_blocked, id=2052, stack(0x000000001d9f0000,0x000000001daf0000)]
  0x000000001acc1000 JavaThread "File lock request listener" [_thread_in_native, id=7616, stack(0x000000001d8f0000,0x000000001d9f0000)]
  0x000000001acc4000 JavaThread "Cache worker for journal cache (C:\Users\PC\.gradle\caches\journal-1)" [_thread_blocked, id=3812, stack(0x000000001d7f0000,0x000000001d8f0000)]
  0x000000001977f800 JavaThread "Daemon periodic checks" [_thread_blocked, id=5672, stack(0x000000001caf0000,0x000000001cbf0000)]
  0x000000001a12d800 JavaThread "Incoming local TCP Connector on port 53826" [_thread_in_native, id=8124, stack(0x000000001c8f0000,0x000000001c9f0000)]
  0x000000001b3bc000 JavaThread "Daemon health stats" [_thread_blocked, id=2940, stack(0x000000001c4f0000,0x000000001c5f0000)]
  0x0000000019563000 JavaThread "Service Thread" daemon [_thread_blocked, id=5020, stack(0x0000000019950000,0x0000000019a50000)]
  0x0000000017bf2800 JavaThread "C1 CompilerThread2" daemon [_thread_blocked, id=4960, stack(0x0000000019450000,0x0000000019550000)]
=>0x0000000017bee800 JavaThread "C2 CompilerThread1" daemon [_thread_in_native, id=276, stack(0x0000000019350000,0x0000000019450000)]
  0x0000000017be3000 JavaThread "C2 CompilerThread0" daemon [_thread_blocked, id=6116, stack(0x0000000019250000,0x0000000019350000)]
  0x0000000017be2000 JavaThread "Attach Listener" daemon [_thread_blocked, id=7868, stack(0x0000000019150000,0x0000000019250000)]
  0x0000000017be4000 JavaThread "Signal Dispatcher" daemon [_thread_blocked, id=1300, stack(0x0000000019050000,0x0000000019150000)]
  0x0000000002fbc000 JavaThread "Finalizer" daemon [_thread_blocked, id=4932, stack(0x0000000018e50000,0x0000000018f50000)]
  0x0000000002fb0800 JavaThread "Reference Handler" daemon [_thread_blocked, id=4860, stack(0x0000000018d50000,0x0000000018e50000)]
  0x0000000002ec2800 JavaThread "main" [_thread_blocked, id=984, stack(0x0000000002a20000,0x0000000002b20000)]

Other Threads:
  0x0000000017ba6800 VMThread [stack: 0x0000000018c50000,0x0000000018d50000] [id=6884]
  0x0000000019564800 WatcherThread [stack: 0x0000000019a50000,0x0000000019b50000] [id=5600]

VM state:not at safepoint (normal execution)

VM Mutex/Monitor currently owned by a thread: None

heap address: 0x0000000080000000, size: 2048 MB, Compressed Oops mode: 32-bit
Narrow klass base: 0x0000000000000000, Narrow klass shift: 3
Compressed class space size: 1073741824 Address: 0x0000000100000000

Heap:
 PSYoungGen      total 289280K, used 239833K [0x00000000d5580000, 0x00000000eb100000, 0x0000000100000000)
  eden space 244224K, 80% used [0x00000000d5580000,0x00000000e1654538,0x00000000e4400000)
  from space 45056K, 94% used [0x00000000e4400000,0x00000000e6d62090,0x00000000e7000000)
  to   space 24576K, 0% used [0x00000000e7000000,0x00000000e7000000,0x00000000e8800000)
 ParOldGen       total 100864K, used 61322K [0x0000000080000000, 0x0000000086280000, 0x00000000d5580000)
  object space 100864K, 60% used [0x0000000080000000,0x0000000083be2bd8,0x0000000086280000)
 Metaspace       used 87330K, capacity 91700K, committed 91992K, reserved 1128448K
  class space    used 11788K, capacity 12630K, committed 12672K, reserved 1048576K

Card table byte_map: [0x0000000012380000,0x0000000012790000] byte_map_base: 0x0000000011f80000

Marking Bits: (ParMarkBitMap*) 0x000000005c03f030
 Begin Bits: [0x0000000012e40000, 0x0000000014e40000)
 End Bits:   [0x0000000014e40000, 0x0000000016e40000)

Polling page: 0x00000000011d0000

CodeCache: size=245760Kb used=33830Kb max_used=33841Kb free=211929Kb
 bounds [0x0000000002fc0000, 0x0000000005120000, 0x0000000011fc0000]
 total_blobs=11754 nmethods=10898 adapters=768
 compilation: enabled

Compilation events (10 events):
Event: 185.151 Thread 0x0000000017be3000 12816       4       com.android.tools.r8.q.a.b.m.a::l (114 bytes)
Event: 185.152 Thread 0x0000000017be3000 nmethod 12816 0x0000000004f68890 code [0x0000000004f689e0, 0x0000000004f68b28]
Event: 185.152 Thread 0x0000000017be3000 13037       4       com.android.tools.r8.dex.m::a (14 bytes)
Event: 185.157 Thread 0x0000000017be3000 nmethod 13037 0x0000000004f84ad0 code [0x0000000004f84c60, 0x0000000004f85088]
Event: 185.157 Thread 0x0000000017be3000 12941       4       com.android.tools.r8.graph.x::collectMixedSectionItems (15 bytes)
Event: 185.160 Thread 0x0000000017be3000 nmethod 12941 0x0000000004f84510 code [0x0000000004f84680, 0x0000000004f84818]
Event: 185.188 Thread 0x0000000017be3000 13072       4       java.nio.Buffer::limit (62 bytes)
Event: 185.189 Thread 0x0000000017be3000 nmethod 13072 0x0000000004f858d0 code [0x0000000004f85a00, 0x0000000004f85ad8]
Event: 185.189 Thread 0x0000000017be3000 13073       4       java.nio.DirectByteBuffer::get (15 bytes)
Event: 185.190 Thread 0x0000000017be3000 nmethod 13073 0x0000000003d33790 code [0x0000000003d338c0, 0x0000000003d33958]

GC Heap History (10 events):
Event: 43.891 GC heap before
{Heap before GC invocations=14 (full 3):
 PSYoungGen      total 241664K, used 224768K [0x00000000d5580000, 0x00000000e5f00000, 0x0000000100000000)
  eden space 224768K, 100% used [0x00000000d5580000,0x00000000e3100000,0x00000000e3100000)
  from space 16896K, 0% used [0x00000000e4680000,0x00000000e4680000,0x00000000e5700000)
  to   space 22016K, 0% used [0x00000000e3100000,0x00000000e3100000,0x00000000e4680000)
 ParOldGen       total 100864K, used 35918K [0x0000000080000000, 0x0000000086280000, 0x00000000d5580000)
  object space 100864K, 35% used [0x0000000080000000,0x0000000082313920,0x0000000086280000)
 Metaspace       used 64002K, capacity 67062K, committed 67288K, reserved 1107968K
  class space    used 8780K, capacity 9368K, committed 9472K, reserved 1048576K
Event: 43.965 GC heap after
Heap after GC invocations=14 (full 3):
 PSYoungGen      total 246784K, used 19170K [0x00000000d5580000, 0x00000000e8800000, 0x0000000100000000)
  eden space 224768K, 0% used [0x00000000d5580000,0x00000000d5580000,0x00000000e3100000)
  from space 22016K, 87% used [0x00000000e3100000,0x00000000e43b8968,0x00000000e4680000)
  to   space 24576K, 0% used [0x00000000e7000000,0x00000000e7000000,0x00000000e8800000)
 ParOldGen       total 100864K, used 35926K [0x0000000080000000, 0x0000000086280000, 0x00000000d5580000)
  object space 100864K, 35% used [0x0000000080000000,0x0000000082315920,0x0000000086280000)
 Metaspace       used 64002K, capacity 67062K, committed 67288K, reserved 1107968K
  class space    used 8780K, capacity 9368K, committed 9472K, reserved 1048576K
}
Event: 49.813 GC heap before
{Heap before GC invocations=15 (full 3):
 PSYoungGen      total 246784K, used 240291K [0x00000000d5580000, 0x00000000e8800000, 0x0000000100000000)
  eden space 224768K, 98% used [0x00000000d5580000,0x00000000e2d704f0,0x00000000e3100000)
  from space 22016K, 87% used [0x00000000e3100000,0x00000000e43b8968,0x00000000e4680000)
  to   space 24576K, 0% used [0x00000000e7000000,0x00000000e7000000,0x00000000e8800000)
 ParOldGen       total 100864K, used 35926K [0x0000000080000000, 0x0000000086280000, 0x00000000d5580000)
  object space 100864K, 35% used [0x0000000080000000,0x0000000082315920,0x0000000086280000)
 Metaspace       used 71045K, capacity 74704K, committed 74840K, reserved 1114112K
  class space    used 9877K, capacity 10565K, committed 10624K, reserved 1048576K
Event: 49.929 GC heap after
Heap after GC invocations=15 (full 3):
 PSYoungGen      total 268800K, used 24553K [0x00000000d5580000, 0x00000000eb100000, 0x0000000100000000)
  eden space 244224K, 0% used [0x00000000d5580000,0x00000000d5580000,0x00000000e4400000)
  from space 24576K, 99% used [0x00000000e7000000,0x00000000e87fa4a0,0x00000000e8800000)
  to   space 45056K, 0% used [0x00000000e4400000,0x00000000e4400000,0x00000000e7000000)
 ParOldGen       total 100864K, used 80829K [0x0000000080000000, 0x0000000086280000, 0x00000000d5580000)
  object space 100864K, 80% used [0x0000000080000000,0x0000000084eef550,0x0000000086280000)
 Metaspace       used 71045K, capacity 74704K, committed 74840K, reserved 1114112K
  class space    used 9877K, capacity 10565K, committed 10624K, reserved 1048576K
}
Event: 49.929 GC heap before
{Heap before GC invocations=16 (full 4):
 PSYoungGen      total 268800K, used 24553K [0x00000000d5580000, 0x00000000eb100000, 0x0000000100000000)
  eden space 244224K, 0% used [0x00000000d5580000,0x00000000d5580000,0x00000000e4400000)
  from space 24576K, 99% used [0x00000000e7000000,0x00000000e87fa4a0,0x00000000e8800000)
  to   space 45056K, 0% used [0x00000000e4400000,0x00000000e4400000,0x00000000e7000000)
 ParOldGen       total 100864K, used 80829K [0x0000000080000000, 0x0000000086280000, 0x00000000d5580000)
  object space 100864K, 80% used [0x0000000080000000,0x0000000084eef550,0x0000000086280000)
 Metaspace       used 71045K, capacity 74704K, committed 74840K, reserved 1114112K
  class space    used 9877K, capacity 10565K, committed 10624K, reserved 1048576K
Event: 50.523 GC heap after
Heap after GC invocations=16 (full 4):
 PSYoungGen      total 268800K, used 0K [0x00000000d5580000, 0x00000000eb100000, 0x0000000100000000)
  eden space 244224K, 0% used [0x00000000d5580000,0x00000000d5580000,0x00000000e4400000)
  from space 24576K, 0% used [0x00000000e7000000,0x00000000e7000000,0x00000000e8800000)
  to   space 45056K, 0% used [0x00000000e4400000,0x00000000e4400000,0x00000000e7000000)
 ParOldGen       total 100864K, used 96853K [0x0000000080000000, 0x0000000086280000, 0x00000000d5580000)
  object space 100864K, 96% used [0x0000000080000000,0x0000000085e95590,0x0000000086280000)
 Metaspace       used 70979K, capacity 74508K, committed 74840K, reserved 1114112K
  class space    used 9856K, capacity 10527K, committed 10624K, reserved 1048576K
}
Event: 169.210 GC heap before
{Heap before GC invocations=17 (full 5):
 PSYoungGen      total 268800K, used 244224K [0x00000000d5580000, 0x00000000eb100000, 0x0000000100000000)
  eden space 244224K, 100% used [0x00000000d5580000,0x00000000e4400000,0x00000000e4400000)
  from space 24576K, 0% used [0x00000000e7000000,0x00000000e7000000,0x00000000e8800000)
  to   space 45056K, 0% used [0x00000000e4400000,0x00000000e4400000,0x00000000e7000000)
 ParOldGen       total 100864K, used 96853K [0x0000000080000000, 0x0000000086280000, 0x00000000d5580000)
  object space 100864K, 96% used [0x0000000080000000,0x0000000085e95590,0x0000000086280000)
 Metaspace       used 80632K, capacity 84644K, committed 84696K, reserved 1122304K
  class space    used 10926K, capacity 11734K, committed 11776K, reserved 1048576K
Event: 169.767 GC heap after
Heap after GC invocations=17 (full 5):
 PSYoungGen      total 268800K, used 0K [0x00000000d5580000, 0x00000000eb100000, 0x0000000100000000)
  eden space 244224K, 0% used [0x00000000d5580000,0x00000000d5580000,0x00000000e4400000)
  from space 24576K, 0% used [0x00000000e7000000,0x00000000e7000000,0x00000000e8800000)
  to   space 45056K, 0% used [0x00000000e4400000,0x00000000e4400000,0x00000000e7000000)
 ParOldGen       total 100864K, used 61314K [0x0000000080000000, 0x0000000086280000, 0x00000000d5580000)
  object space 100864K, 60% used [0x0000000080000000,0x0000000083be0bd8,0x0000000086280000)
 Metaspace       used 80617K, capacity 84602K, committed 84696K, reserved 1122304K
  class space    used 10921K, capacity 11725K, committed 11776K, reserved 1048576K
}
Event: 181.681 GC heap before
{Heap before GC invocations=18 (full 5):
 PSYoungGen      total 268800K, used 240815K [0x00000000d5580000, 0x00000000eb100000, 0x0000000100000000)
  eden space 244224K, 98% used [0x00000000d5580000,0x00000000e40abc98,0x00000000e4400000)
  from space 24576K, 0% used [0x00000000e7000000,0x00000000e7000000,0x00000000e8800000)
  to   space 45056K, 0% used [0x00000000e4400000,0x00000000e4400000,0x00000000e7000000)
 ParOldGen       total 100864K, used 61314K [0x0000000080000000, 0x0000000086280000, 0x00000000d5580000)
  object space 100864K, 60% used [0x0000000080000000,0x0000000083be0bd8,0x0000000086280000)
 Metaspace       used 87278K, capacity 91690K, committed 91736K, reserved 1128448K
  class space    used 11787K, capacity 12629K, committed 12672K, reserved 1048576K
Event: 181.772 GC heap after
Heap after GC invocations=18 (full 5):
 PSYoungGen      total 289280K, used 42376K [0x00000000d5580000, 0x00000000eb100000, 0x0000000100000000)
  eden space 244224K, 0% used [0x00000000d5580000,0x00000000d5580000,0x00000000e4400000)
  from space 45056K, 94% used [0x00000000e4400000,0x00000000e6d62090,0x00000000e7000000)
  to   space 24576K, 0% used [0x00000000e7000000,0x00000000e7000000,0x00000000e8800000)
 ParOldGen       total 100864K, used 61322K [0x0000000080000000, 0x0000000086280000, 0x00000000d5580000)
  object space 100864K, 60% used [0x0000000080000000,0x0000000083be2bd8,0x0000000086280000)
 Metaspace       used 87278K, capacity 91690K, committed 91736K, reserved 1128448K
  class space    used 11787K, capacity 12629K, committed 12672K, reserved 1048576K
}

Deoptimization events (10 events):
Event: 181.279 Thread 0x0000000019687000 Uncommon trap: reason=array_check action=maybe_recompile pc=0x0000000004a9d870 method=java.util.TimSort.reverseRange([Ljava/lang/Object;II)V @ 20
Event: 183.042 Thread 0x000000001a1ab800 Uncommon trap: reason=unstable_if action=reinterpret pc=0x0000000004cc3018 method=com.android.tools.r8.graph.X0.b(Ljava/util/function/Predicate;Ljava/util/function/Consumer;Lcom/android/tools/r8/graph/W;)V @ 7
Event: 183.207 Thread 0x0000000019687000 Uncommon trap: reason=null_check action=make_not_entrant pc=0x0000000004d094dc method=com.android.tools.r8.q.a.b.h.b(Ljava/lang/Object;)V @ 71
Event: 183.709 Thread 0x0000000019687000 Uncommon trap: reason=array_check action=maybe_recompile pc=0x00000000040dc854 method=java.util.TimSort.reverseRange([Ljava/lang/Object;II)V @ 27
Event: 183.709 Thread 0x0000000019687000 Uncommon trap: reason=array_check action=maybe_recompile pc=0x0000000004a992b8 method=java.util.TimSort.reverseRange([Ljava/lang/Object;II)V @ 27
Event: 183.710 Thread 0x0000000019687000 Uncommon trap: reason=array_check action=maybe_recompile pc=0x00000000040dc854 method=java.util.TimSort.reverseRange([Ljava/lang/Object;II)V @ 27
Event: 183.710 Thread 0x0000000019687000 Uncommon trap: reason=array_check action=maybe_recompile pc=0x0000000004083a78 method=java.util.TimSort.binarySort([Ljava/lang/Object;IIILjava/util/Comparator;)V @ 215
Event: 183.711 Thread 0x0000000019687000 Uncommon trap: reason=array_check action=maybe_recompile pc=0x0000000004083a78 method=java.util.TimSort.binarySort([Ljava/lang/Object;IIILjava/util/Comparator;)V @ 215
Event: 184.626 Thread 0x000000001a1a9800 Uncommon trap: reason=uninitialized action=reinterpret pc=0x0000000004a6b8cc method=com.android.tools.r8.dex.r.c()Lcom/android/tools/r8/dex/r$a; @ 1079
Event: 185.022 Thread 0x0000000019684800 Uncommon trap: reason=class_check action=maybe_recompile pc=0x00000000044c78e8 method=org.gradle.internal.fingerprint.classpath.impl.ClasspathFingerprintingStrategy$ClasspathContentFingerprintingVisitor.visitFile(Lorg/gradle/internal/snapshot/CompleteFile

Classes redefined (0 events):
No events

Internal exceptions (10 events):
Event: 176.304 Thread 0x0000000019689000 Exception <a 'java/lang/NoSuchMethodError': java.lang.Object.lambda$static$0(Ljava/lang/String;)Z> (0x00000000d916ee68) thrown at [C:\src\AOSP-openjdk-git\hotspot\src\share\vm\interpreter\linkResolver.cpp, line 620]
Event: 178.058 Thread 0x0000000019689000 Implicit null exception at 0x0000000004fdf8b6 to 0x0000000004fe40e5
Event: 179.248 Thread 0x0000000019684800 Exception <a 'java/lang/NoSuchMethodError': <clinit>> (0x00000000e10a3ba0) thrown at [C:\src\AOSP-openjdk-git\hotspot\src\share\vm\prims\jni.cpp, line 1615]
Event: 179.332 Thread 0x0000000019686000 Exception <a 'sun/nio/fs/WindowsException'> (0x00000000e121e568) thrown at [C:\src\AOSP-openjdk-git\hotspot\src\share\vm\prims\jni.cpp, line 710]
Event: 180.085 Thread 0x0000000019686000 Exception <a 'java/lang/NoSuchMethodError': java.lang.Object.lambda$comparingInt$7b0bb60$1(Ljava/util/function/ToIntFunction;Ljava/lang/Object;Ljava/lang/Object;)I> (0x00000000e1ceb090) thrown at [C:\src\AOSP-openjdk-git\hotspot\src\share\vm\interpreter\l
Event: 180.086 Thread 0x0000000019686000 Exception <a 'java/lang/NoSuchMethodError': java.lang.Object.lambda$maxBy$1(Ljava/util/Comparator;Ljava/lang/Object;Ljava/lang/Object;)Ljava/lang/Object;> (0x00000000e1cef610) thrown at [C:\src\AOSP-openjdk-git\hotspot\src\share\vm\interpreter\linkResolve
Event: 180.186 Thread 0x0000000019686000 Exception <a 'java/lang/NoSuchMethodError': java.lang.Object.b(Lcom/android/tools/r8/graph/p1$b;)Lcom/android/tools/r8/graph/p1$b;> (0x00000000e1e75008) thrown at [C:\src\AOSP-openjdk-git\hotspot\src\share\vm\interpreter\linkResolver.cpp, line 620]
Event: 180.405 Thread 0x0000000019686000 Exception <a 'sun/nio/fs/WindowsException'> (0x00000000e2160620) thrown at [C:\src\AOSP-openjdk-git\hotspot\src\share\vm\prims\jni.cpp, line 710]
Event: 181.670 Thread 0x0000000019687000 Exception <a 'sun/nio/fs/WindowsException'> (0x00000000e3b29058) thrown at [C:\src\AOSP-openjdk-git\hotspot\src\share\vm\prims\jni.cpp, line 710]
Event: 184.876 Thread 0x000000001a1a9800 Exception <a 'sun/nio/fs/WindowsException'> (0x00000000e0f828f0) thrown at [C:\src\AOSP-openjdk-git\hotspot\src\share\vm\prims\jni.cpp, line 710]

Events (10 events):
Event: 184.933 Thread 0x000000001a1ab800 Thread exited: 0x000000001a1ab800
Event: 184.933 Executing VM operation: RevokeBias
Event: 184.933 Executing VM operation: RevokeBias done
Event: 184.933 Thread 0x000000001967d800 Thread exited: 0x000000001967d800
Event: 184.933 Executing VM operation: RevokeBias
Event: 184.933 Executing VM operation: RevokeBias done
Event: 184.933 Thread 0x000000001a1ad000 Thread exited: 0x000000001a1ad000
Event: 185.022 Thread 0x0000000019684800 Uncommon trap: trap_request=0xffffffde fr.pc=0x00000000044c78e8
Event: 185.022 Thread 0x0000000019684800 DEOPT PACKING pc=0x00000000044c78e8 sp=0x0000000029e6d210
Event: 185.022 Thread 0x0000000019684800 DEOPT UNPACKING pc=0x000000000300557b sp=0x0000000029e6d230 mode 2


Dynamic libraries:
0x000007f7dcb00000 - 0x000007f7dcb31000 	C:\Program Files\Android\Android Studio\jre\bin\java.exe
0x000007ff9f480000 - 0x000007ff9f63d000 	C:\Windows\SYSTEM32\ntdll.dll
0x000007ff9dde0000 - 0x000007ff9df17000 	C:\Windows\system32\KERNEL32.DLL
0x000007ff9c560000 - 0x000007ff9c654000 	C:\Windows\system32\KERNELBASE.dll
0x000007ff9e070000 - 0x000007ff9e14e000 	C:\Windows\system32\ADVAPI32.dll
0x000007ff9f210000 - 0x000007ff9f35c000 	C:\Windows\system32\USER32.dll
0x000007ff9a8f0000 - 0x000007ff9ab5a000 	C:\Windows\WinSxS\amd64_microsoft.windows.common-controls_6595b64144ccf1df_6.0.9200.17359_none_4188b989718cf1c6\COMCTL32.dll
0x000007ff9e5e0000 - 0x000007ff9e685000 	C:\Windows\system32\msvcrt.dll
0x000007ff9e150000 - 0x000007ff9e198000 	C:\Windows\SYSTEM32\sechost.dll
0x000007ff9e490000 - 0x000007ff9e5d5000 	C:\Windows\system32\RPCRT4.dll
0x000007ff9df20000 - 0x000007ff9e061000 	C:\Windows\system32\GDI32.dll
0x000007ff9f400000 - 0x000007ff9f439000 	C:\Windows\system32\IMM32.DLL
0x000007ff9ebf0000 - 0x000007ff9ed06000 	C:\Windows\system32\MSCTF.dll
0x000000005cae0000 - 0x000000005cbb2000 	C:\Program Files\Android\Android Studio\jre\jre\bin\msvcr100.dll
0x000000005b870000 - 0x000000005c0bb000 	C:\Program Files\Android\Android Studio\jre\jre\bin\server\jvm.dll
0x000007ff94980000 - 0x000007ff94989000 	C:\Windows\SYSTEM32\WSOCK32.dll
0x000007ff9a0b0000 - 0x000007ff9a0d0000 	C:\Windows\SYSTEM32\WINMM.dll
0x000007ff981e0000 - 0x000007ff981e9000 	C:\Windows\SYSTEM32\VERSION.dll
0x000007ff9ea60000 - 0x000007ff9ea67000 	C:\Windows\system32\PSAPI.DLL
0x000007ff9f100000 - 0x000007ff9f158000 	C:\Windows\system32\WS2_32.dll
0x000007ff99ea0000 - 0x000007ff99ed3000 	C:\Windows\SYSTEM32\WINMMBASE.dll
0x000007ff9f0f0000 - 0x000007ff9f0f9000 	C:\Windows\system32\NSI.dll
0x000007ff9c460000 - 0x000007ff9c4af000 	C:\Windows\SYSTEM32\cfgmgr32.dll
0x000007ff9c430000 - 0x000007ff9c452000 	C:\Windows\system32\DEVOBJ.dll
0x000007ff99f20000 - 0x000007ff99f2f000 	C:\Program Files\Android\Android Studio\jre\jre\bin\verify.dll
0x000007ff97c20000 - 0x000007ff97c49000 	C:\Program Files\Android\Android Studio\jre\jre\bin\java.dll
0x000007ff99f00000 - 0x000007ff99f16000 	C:\Program Files\Android\Android Studio\jre\jre\bin\zip.dll
0x000007ff9c8a0000 - 0x000007ff9db85000 	C:\Windows\system32\SHELL32.dll
0x000007ff9ef40000 - 0x000007ff9f0f0000 	C:\Windows\SYSTEM32\combase.dll
0x000007ff9db90000 - 0x000007ff9dbe0000 	C:\Windows\system32\SHLWAPI.dll
0x000007ff9ad50000 - 0x000007ff9ade6000 	C:\Windows\SYSTEM32\SHCORE.dll
0x000007ff9c360000 - 0x000007ff9c375000 	C:\Windows\SYSTEM32\profapi.dll
0x000007ff988a0000 - 0x000007ff988ba000 	C:\Program Files\Android\Android Studio\jre\jre\bin\net.dll
0x000007ff9bbb0000 - 0x000007ff9bc0c000 	C:\Windows\system32\mswsock.dll
0x000007ff95fb0000 - 0x000007ff95fc3000 	C:\Program Files\Android\Android Studio\jre\jre\bin\nio.dll
0x000007ff929c0000 - 0x000007ff929e7000 	C:\Users\PC\.gradle\native\f6784746aeab05261644944871eae4fe03e0ef1612fff0a4a95f87b438bc6780\windows-amd64\native-platform.dll
0x000007ff95f90000 - 0x000007ff95f9d000 	C:\Program Files\Android\Android Studio\jre\jre\bin\management.dll
0x000007ff9bc10000 - 0x000007ff9bc2a000 	C:\Windows\SYSTEM32\CRYPTSP.dll
0x000007ff9b890000 - 0x000007ff9b8db000 	C:\Windows\system32\rsaenh.dll
0x000007ff9b990000 - 0x000007ff9b9af000 	C:\Windows\SYSTEM32\USERENV.dll
0x000007ff9c1a0000 - 0x000007ff9c1aa000 	C:\Windows\SYSTEM32\CRYPTBASE.dll
0x000007ff9c140000 - 0x000007ff9c19d000 	C:\Windows\SYSTEM32\bcryptPrimitives.dll
0x000007ff97020000 - 0x000007ff9704a000 	C:\Windows\SYSTEM32\IPHLPAPI.DLL
0x000007ff96ff0000 - 0x000007ff96ffa000 	C:\Windows\SYSTEM32\WINNSI.DLL
0x000007ff96b20000 - 0x000007ff96b33000 	C:\Windows\SYSTEM32\dhcpcsvc6.DLL
0x000007ff96b70000 - 0x000007ff96b88000 	C:\Windows\SYSTEM32\dhcpcsvc.DLL

VM Arguments:
jvm_args: -Xmx2048m -Dfile.encoding=UTF-8 -Duser.country=FR -Duser.language=fr -Duser.variant 
java_command: org.gradle.launcher.daemon.bootstrap.GradleDaemon 6.5
java_class_path (initial): C:\Users\PC\.gradle\wrapper\dists\gradle-6.5-bin\6nifqtx7604sqp1q6g8wikw7p\gradle-6.5\lib\gradle-launcher-6.5.jar
Launcher Type: SUN_STANDARD

Environment Variables:
PATH=C:\oraclexe\app\oracle\product\11.2.0\server\bin;;C:\Program Files (x86)\Common Files\Oracle\Java\javapath;C:\ProgramData\Oracle\Java\javapath;C:\Program Files\Java\jre1.8.0_231\bin;C:\ProgramData\ComposerSetup\bin;C:\Program Files\Git\cmd;C:\wamp64\bin\php\php7.2.18;C:\Users\PC\composer;C:\Users\PC\AppData\Roaming\Composer\vendor\bin;C:\Users\PC\AppData\Local\Programs\Microsoft VS Code\bin
USERNAME=PC
OS=Windows_NT
PROCESSOR_IDENTIFIER=Intel64 Family 6 Model 69 Stepping 1, GenuineIntel



---------------  S Y S T E M  ---------------

OS: Windows 8 , 64 bit Build 9200 (6.2.9200.16859)

CPU:total 4 (initial active 4) (2 cores per cpu, 2 threads per core) family 6 model 69 stepping 1, cmov, cx8, fxsr, mmx, sse, sse2, sse3, ssse3, sse4.1, sse4.2, popcnt, avx, avx2, aes, clmul, erms, lzcnt, ht, tsc, tscinvbit, bmi1, bmi2

Memory: 4k page, physical 4088172k(661708k free), swap 4612460k(6544k free)

vm_info: OpenJDK 64-Bit Server VM (25.242-b01) for windows-amd64 JRE (1.8.0_242-release-1644-b01), built by "builder" with MS VC++ 10.0 (VS2010)

time: Tue Jan 19 12:30:31 2021
timezone: Paris, Madrid
elapsed time: 185 seconds (0d 0h 3m 5s)

